<?xml version="1.0" encoding="UTF-8"?>
<!-- Generated by org.testng.reporters.JUnitReportReporter -->
<testsuite skipped="0" hostname="cid" name="coralAcademy.api.test.Test_First" tests="2" failures="0" timestamp="2021-06-02T18:44:56 PDT" time="2.676" errors="0">
  <testcase name="test_method1" time="2.531" classname="coralAcademy.api.test.Test_First"/>
  <system-out/>
  <testcase name="test_retrieve" time="0.145" classname="coralAcademy.api.test.Test_First"/>
  <system-out/>
</testsuite> <!-- coralAcademy.api.test.Test_First -->
