<?xml version="1.0" encoding="UTF-8"?>
<!-- Generated by org.testng.reporters.JUnitReportReporter -->
<testsuite skipped="0" hostname="cid" name="coralAcademy.api.test" tests="2" failures="0" timestamp="2021-06-02T18:25:53 PDT" time="2.928" errors="0">
  <testcase name="test_method1" time="2.850" classname="coralAcademy.api.test"/>
  <system-out/>
  <testcase name="test_retrieve" time="0.078" classname="coralAcademy.api.test"/>
  <system-out/>
</testsuite> <!-- coralAcademy.api.test -->
