<?xml version="1.0" encoding="UTF-8"?>
<!-- Generated by org.testng.reporters.JUnitReportReporter -->
<testsuite skipped="0" hostname="cid" name="coralAcademy.api.test.parent.ParentGetWishlist" tests="1" failures="0" timestamp="2021-06-06T12:32:40 PDT" time="3.181" errors="0">
  <testcase name="AddWishlist" time="3.181" classname="coralAcademy.api.test.parent.ParentGetWishlist"/>
  <system-out/>
</testsuite> <!-- coralAcademy.api.test.parent.ParentGetWishlist -->
