<?xml version="1.0" encoding="UTF-8"?>
<!-- Generated by org.testng.reporters.JUnitReportReporter -->
<testsuite skipped="0" hostname="cid" name="coralAcademy.ui.test" tests="1" failures="0" timestamp="2021-05-28T14:22:41 PDT" time="11.023" errors="0">
  <testcase name="test_01" time="11.023" classname="coralAcademy.ui.test"/>
  <system-out/>
</testsuite> <!-- coralAcademy.ui.test -->
